0 info it worked if it ends with ok
1 verbose cli [ '/home/berto/.nvm/versions/node/v4.2.1/bin/node',
1 verbose cli   '/home/berto/.nvm/versions/node/v4.2.1/bin/npm',
1 verbose cli   'start' ]
2 info using npm@2.14.7
3 info using node@v4.2.1
4 verbose run-script [ 'prestart', 'start', 'poststart' ]
5 info prestart tresenraya@1.0.0
6 verbose unsafe-perm in lifecycle true
7 info tresenraya@1.0.0 Failed to exec prestart script
8 verbose stack Error: tresenraya@1.0.0 prestart: `browserify -t babelify src/js/index.jsx > src/build/index.js`
8 verbose stack Exit status 1
8 verbose stack     at EventEmitter.<anonymous> (/home/berto/.nvm/versions/node/v4.2.1/lib/node_modules/npm/lib/utils/lifecycle.js:214:16)
8 verbose stack     at emitTwo (events.js:87:13)
8 verbose stack     at EventEmitter.emit (events.js:172:7)
8 verbose stack     at ChildProcess.<anonymous> (/home/berto/.nvm/versions/node/v4.2.1/lib/node_modules/npm/lib/utils/spawn.js:24:14)
8 verbose stack     at emitTwo (events.js:87:13)
8 verbose stack     at ChildProcess.emit (events.js:172:7)
8 verbose stack     at maybeClose (internal/child_process.js:818:16)
8 verbose stack     at Process.ChildProcess._handle.onexit (internal/child_process.js:211:5)
9 verbose pkgid tresenraya@1.0.0
10 verbose cwd /home/berto/Repositories/tictactoe-reactjs
11 error Linux 3.13.0-62-generic
12 error argv "/home/berto/.nvm/versions/node/v4.2.1/bin/node" "/home/berto/.nvm/versions/node/v4.2.1/bin/npm" "start"
13 error node v4.2.1
14 error npm  v2.14.7
15 error code ELIFECYCLE
16 error tresenraya@1.0.0 prestart: `browserify -t babelify src/js/index.jsx > src/build/index.js`
16 error Exit status 1
17 error Failed at the tresenraya@1.0.0 prestart script 'browserify -t babelify src/js/index.jsx > src/build/index.js'.
17 error This is most likely a problem with the tresenraya package,
17 error not with npm itself.
17 error Tell the author that this fails on your system:
17 error     browserify -t babelify src/js/index.jsx > src/build/index.js
17 error You can get their info via:
17 error     npm owner ls tresenraya
17 error There is likely additional logging output above.
18 verbose exit [ 1, true ]
